ASSERTION	AAMEAAEBBgAAAAAAAEB/QA==
ASSERTION	AAIBAAIGAAAAAAAAAPA/
ASSERTION	AAEAAQtCYWQgUmVxdWVzdAMAAwIAAAAAAACAVkA=
RUN	uk.gov.hmcts.reform.cmc.performance.simulations.CreateClaimSimulation		createclaimsimulation	1510214847432	 	2.0
USER	Create Claim	1	START	1510214847911	1510214847911
REQUEST	Create Claim	1		Trigger login	1510214847963	1510214848052	OK	 
REQUEST	Create Claim	1		Trigger login Redirect 1	1510214848086	1510214848097	OK	 
REQUEST	Create Claim	1		Trigger login Redirect 2	1510214848101	1510214848162	OK	 
REQUEST	Create Claim	1		govuk-template.css?0.19.2 Redirect 2	1510214848421	1510214848456	OK	 
REQUEST	Create Claim	1		govuk-template-print.css?0.19.2 Redirect 2	1510214848422	1510214848479	OK	 
REQUEST	Create Claim	1		favicon.ico?0.19.2 Redirect 2	1510214848426	1510214848492	OK	 
REQUEST	Create Claim	1		govuk-template.js?0.19.2 Redirect 2	1510214848481	1510214848498	OK	 
REQUEST	Create Claim	1		selection-buttons.js Redirect 2	1510214848505	1510214848513	OK	 
REQUEST	Create Claim	1		gov.uk_logotype_crown_invert_trans.png?0.19.2 Redirect 2	1510214848429	1510214848523	OK	 
REQUEST	Create Claim	1		application.css Redirect 2	1510214848428	1510214848527	OK	 
REQUEST	Create Claim	1		show-hide-content.js Redirect 2	1510214848525	1510214848535	OK	 
REQUEST	Create Claim	1		details.polyfill.js Redirect 2	1510214848484	1510214848546	OK	 
REQUEST	Create Claim	1		shim-links-with-button-role.js Redirect 2	1510214848516	1510214848566	OK	 
REQUEST	Create Claim	1		application.js Redirect 2	1510214848535	1510214848584	OK	 
REQUEST	Create Claim	1		fonts.css?0.19.2 Redirect 2	1510214848425	1510214848585	OK	 
REQUEST	Create Claim	1		jquery-1.11.3.js Redirect 2	1510214848494	1510214848590	OK	 
REQUEST	Create Claim	1		Login - submit	1510214849618	1510214849804	OK	 
REQUEST	Create Claim	1		Login - submit Redirect 1	1510214849805	1510214849879	OK	 
REQUEST	Create Claim	1		Login - submit Redirect 2	1510214849886	1510214849934	KO	regex(Make a money claim).find.exists, found nothing
USER	Create Claim	1	END	1510214847911	1510214850954
